{"/home/tashrif/Desktop/react-ive/backend/controllers/messages.controller.js": {"path":"/home/tashrif/Desktop/react-ive/backend/controllers/messages.controller.js","statementMap":{"0":{"start":{"line":6,"column":27},"end":{"line":70,"column":1}},"1":{"start":{"line":7,"column":4},"end":{"line":69,"column":5}},"2":{"start":{"line":8,"column":22},"end":{"line":8,"column":62}},"3":{"start":{"line":9,"column":8},"end":{"line":11,"column":9}},"4":{"start":{"line":10,"column":12},"end":{"line":10,"column":76}},"5":{"start":{"line":13,"column":24},"end":{"line":13,"column":65}},"6":{"start":{"line":14,"column":25},"end":{"line":14,"column":39}},"7":{"start":{"line":15,"column":28},"end":{"line":15,"column":36}},"8":{"start":{"line":16,"column":35},"end":{"line":16,"column":45}},"9":{"start":{"line":18,"column":21},"end":{"line":18,"column":29}},"10":{"start":{"line":20,"column":8},"end":{"line":22,"column":9}},"11":{"start":{"line":21,"column":12},"end":{"line":21,"column":118}},"12":{"start":{"line":24,"column":8},"end":{"line":26,"column":9}},"13":{"start":{"line":25,"column":12},"end":{"line":25,"column":93}},"14":{"start":{"line":29,"column":27},"end":{"line":34,"column":10}},"15":{"start":{"line":37,"column":8},"end":{"line":42,"column":9}},"16":{"start":{"line":38,"column":12},"end":{"line":41,"column":15}},"17":{"start":{"line":45,"column":27},"end":{"line":52,"column":10}},"18":{"start":{"line":55,"column":8},"end":{"line":57,"column":11}},"19":{"start":{"line":60,"column":33},"end":{"line":60,"column":64}},"20":{"start":{"line":61,"column":8},"end":{"line":63,"column":9}},"21":{"start":{"line":62,"column":12},"end":{"line":62,"column":67}},"22":{"start":{"line":65,"column":8},"end":{"line":65,"column":41}},"23":{"start":{"line":67,"column":8},"end":{"line":67,"column":55}},"24":{"start":{"line":68,"column":8},"end":{"line":68,"column":65}},"25":{"start":{"line":72,"column":27},"end":{"line":103,"column":1}},"26":{"start":{"line":73,"column":4},"end":{"line":102,"column":5}},"27":{"start":{"line":74,"column":22},"end":{"line":74,"column":62}},"28":{"start":{"line":75,"column":8},"end":{"line":77,"column":9}},"29":{"start":{"line":76,"column":12},"end":{"line":76,"column":76}},"30":{"start":{"line":79,"column":24},"end":{"line":79,"column":65}},"31":{"start":{"line":80,"column":25},"end":{"line":80,"column":39}},"32":{"start":{"line":81,"column":35},"end":{"line":81,"column":45}},"33":{"start":{"line":84,"column":29},"end":{"line":89,"column":10}},"34":{"start":{"line":91,"column":8},"end":{"line":93,"column":9}},"35":{"start":{"line":92,"column":12},"end":{"line":92,"column":77}},"36":{"start":{"line":96,"column":25},"end":{"line":96,"column":108}},"37":{"start":{"line":98,"column":8},"end":{"line":98,"column":39}},"38":{"start":{"line":100,"column":8},"end":{"line":100,"column":57}},"39":{"start":{"line":101,"column":8},"end":{"line":101,"column":65}},"40":{"start":{"line":105,"column":29},"end":{"line":123,"column":1}},"41":{"start":{"line":106,"column":4},"end":{"line":122,"column":5}},"42":{"start":{"line":107,"column":30},"end":{"line":107,"column":40}},"43":{"start":{"line":110,"column":24},"end":{"line":110,"column":57}},"44":{"start":{"line":111,"column":8},"end":{"line":113,"column":9}},"45":{"start":{"line":112,"column":12},"end":{"line":112,"column":72}},"46":{"start":{"line":116,"column":8},"end":{"line":116,"column":51}},"47":{"start":{"line":118,"column":8},"end":{"line":118,"column":74}},"48":{"start":{"line":120,"column":8},"end":{"line":120,"column":56}},"49":{"start":{"line":121,"column":8},"end":{"line":121,"column":91}}},"fnMap":{"0":{"name":"(anonymous_0)","decl":{"start":{"line":6,"column":27},"end":{"line":6,"column":28}},"loc":{"start":{"line":6,"column":47},"end":{"line":70,"column":1}},"line":6},"1":{"name":"(anonymous_1)","decl":{"start":{"line":72,"column":27},"end":{"line":72,"column":28}},"loc":{"start":{"line":72,"column":47},"end":{"line":103,"column":1}},"line":72},"2":{"name":"(anonymous_2)","decl":{"start":{"line":105,"column":29},"end":{"line":105,"column":30}},"loc":{"start":{"line":105,"column":49},"end":{"line":123,"column":1}},"line":105}},"branchMap":{"0":{"loc":{"start":{"line":9,"column":8},"end":{"line":11,"column":9}},"type":"if","locations":[{"start":{"line":9,"column":8},"end":{"line":11,"column":9}},{"start":{},"end":{}}],"line":9},"1":{"loc":{"start":{"line":20,"column":8},"end":{"line":22,"column":9}},"type":"if","locations":[{"start":{"line":20,"column":8},"end":{"line":22,"column":9}},{"start":{},"end":{}}],"line":20},"2":{"loc":{"start":{"line":20,"column":12},"end":{"line":20,"column":36}},"type":"binary-expr","locations":[{"start":{"line":20,"column":12},"end":{"line":20,"column":21}},{"start":{"line":20,"column":25},"end":{"line":20,"column":36}}],"line":20},"3":{"loc":{"start":{"line":24,"column":8},"end":{"line":26,"column":9}},"type":"if","locations":[{"start":{"line":24,"column":8},"end":{"line":26,"column":9}},{"start":{},"end":{}}],"line":24},"4":{"loc":{"start":{"line":37,"column":8},"end":{"line":42,"column":9}},"type":"if","locations":[{"start":{"line":37,"column":8},"end":{"line":42,"column":9}},{"start":{},"end":{}}],"line":37},"5":{"loc":{"start":{"line":48,"column":21},"end":{"line":48,"column":45}},"type":"cond-expr","locations":[{"start":{"line":48,"column":31},"end":{"line":48,"column":38}},{"start":{"line":48,"column":41},"end":{"line":48,"column":45}}],"line":48},"6":{"loc":{"start":{"line":49,"column":21},"end":{"line":49,"column":48}},"type":"cond-expr","locations":[{"start":{"line":49,"column":28},"end":{"line":49,"column":41}},{"start":{"line":49,"column":44},"end":{"line":49,"column":48}}],"line":49},"7":{"loc":{"start":{"line":50,"column":22},"end":{"line":50,"column":49}},"type":"cond-expr","locations":[{"start":{"line":50,"column":29},"end":{"line":50,"column":42}},{"start":{"line":50,"column":45},"end":{"line":50,"column":49}}],"line":50},"8":{"loc":{"start":{"line":61,"column":8},"end":{"line":63,"column":9}},"type":"if","locations":[{"start":{"line":61,"column":8},"end":{"line":63,"column":9}},{"start":{},"end":{}}],"line":61},"9":{"loc":{"start":{"line":75,"column":8},"end":{"line":77,"column":9}},"type":"if","locations":[{"start":{"line":75,"column":8},"end":{"line":77,"column":9}},{"start":{},"end":{}}],"line":75},"10":{"loc":{"start":{"line":91,"column":8},"end":{"line":93,"column":9}},"type":"if","locations":[{"start":{"line":91,"column":8},"end":{"line":93,"column":9}},{"start":{},"end":{}}],"line":91},"11":{"loc":{"start":{"line":111,"column":8},"end":{"line":113,"column":9}},"type":"if","locations":[{"start":{"line":111,"column":8},"end":{"line":113,"column":9}},{"start":{},"end":{}}],"line":111}},"s":{"0":1,"1":2,"2":2,"3":2,"4":1,"5":1,"6":1,"7":1,"8":1,"9":1,"10":1,"11":0,"12":1,"13":0,"14":1,"15":1,"16":1,"17":1,"18":1,"19":1,"20":1,"21":1,"22":1,"23":0,"24":0,"25":1,"26":3,"27":3,"28":3,"29":1,"30":2,"31":2,"32":2,"33":2,"34":2,"35":1,"36":1,"37":1,"38":0,"39":0,"40":1,"41":2,"42":2,"43":2,"44":2,"45":1,"46":1,"47":1,"48":0,"49":0},"f":{"0":2,"1":3,"2":2},"b":{"0":[1,1],"1":[0,1],"2":[1,1],"3":[0,1],"4":[1,0],"5":[1,0],"6":[0,1],"7":[0,1],"8":[1,0],"9":[1,2],"10":[1,1],"11":[1,1]},"_coverageSchema":"1a1c01bbd47fc00a2c39e90264f33305004495a9","hash":"c139029953871e9c4e79d6fd4f682495c1024ebd"}
,"/home/tashrif/Desktop/react-ive/backend/models/conversation.js": {"path":"/home/tashrif/Desktop/react-ive/backend/models/conversation.js","statementMap":{"0":{"start":{"line":3,"column":27},"end":{"line":23,"column":1}},"1":{"start":{"line":25,"column":0},"end":{"line":25,"column":67}},"2":{"start":{"line":27,"column":21},"end":{"line":27,"column":71}}},"fnMap":{},"branchMap":{},"s":{"0":1,"1":1,"2":1},"f":{},"b":{},"_coverageSchema":"1a1c01bbd47fc00a2c39e90264f33305004495a9","hash":"39c4b41b79ef39c2aa412a15dc4f96b6e690e5a3"}
,"/home/tashrif/Desktop/react-ive/backend/models/message.js": {"path":"/home/tashrif/Desktop/react-ive/backend/models/message.js","statementMap":{"0":{"start":{"line":3,"column":22},"end":{"line":34,"column":3}},"1":{"start":{"line":36,"column":18},"end":{"line":36,"column":58}}},"fnMap":{},"branchMap":{},"s":{"0":1,"1":1},"f":{},"b":{},"_coverageSchema":"1a1c01bbd47fc00a2c39e90264f33305004495a9","hash":"4a24f47355e8e72b68ca4db8a2f6a63ecbc55b19"}
,"/home/tashrif/Desktop/react-ive/backend/socket/socket.js": {"path":"/home/tashrif/Desktop/react-ive/backend/socket/socket.js","statementMap":{"0":{"start":{"line":5,"column":12},"end":{"line":5,"column":21}},"1":{"start":{"line":6,"column":15},"end":{"line":6,"column":37}},"2":{"start":{"line":8,"column":11},"end":{"line":13,"column":2}},"3":{"start":{"line":15,"column":35},"end":{"line":17,"column":1}},"4":{"start":{"line":16,"column":4},"end":{"line":16,"column":37}},"5":{"start":{"line":19,"column":22},"end":{"line":19,"column":24}},"6":{"start":{"line":21,"column":0},"end":{"line":34,"column":3}},"7":{"start":{"line":22,"column":4},"end":{"line":22,"column":47}},"8":{"start":{"line":24,"column":19},"end":{"line":24,"column":48}},"9":{"start":{"line":25,"column":4},"end":{"line":25,"column":65}},"10":{"start":{"line":25,"column":31},"end":{"line":25,"column":65}},"11":{"start":{"line":27,"column":4},"end":{"line":27,"column":58}},"12":{"start":{"line":29,"column":4},"end":{"line":33,"column":7}},"13":{"start":{"line":30,"column":8},"end":{"line":30,"column":54}},"14":{"start":{"line":31,"column":8},"end":{"line":31,"column":37}},"15":{"start":{"line":32,"column":8},"end":{"line":32,"column":62}}},"fnMap":{"0":{"name":"(anonymous_0)","decl":{"start":{"line":15,"column":35},"end":{"line":15,"column":36}},"loc":{"start":{"line":15,"column":51},"end":{"line":17,"column":1}},"line":15},"1":{"name":"(anonymous_1)","decl":{"start":{"line":21,"column":20},"end":{"line":21,"column":21}},"loc":{"start":{"line":21,"column":32},"end":{"line":34,"column":1}},"line":21},"2":{"name":"(anonymous_2)","decl":{"start":{"line":29,"column":28},"end":{"line":29,"column":29}},"loc":{"start":{"line":29,"column":34},"end":{"line":33,"column":5}},"line":29}},"branchMap":{"0":{"loc":{"start":{"line":25,"column":4},"end":{"line":25,"column":65}},"type":"if","locations":[{"start":{"line":25,"column":4},"end":{"line":25,"column":65}},{"start":{},"end":{}}],"line":25}},"s":{"0":1,"1":1,"2":1,"3":1,"4":0,"5":1,"6":1,"7":0,"8":0,"9":0,"10":0,"11":0,"12":0,"13":0,"14":0,"15":0},"f":{"0":0,"1":0,"2":0},"b":{"0":[0,0]},"_coverageSchema":"1a1c01bbd47fc00a2c39e90264f33305004495a9","hash":"4339c96e762002eeff5437385f0764b940be699f"}
}
