TN:
SF:controllers/messages.controller.js
FN:6,(anonymous_0)
FN:72,(anonymous_1)
FN:105,(anonymous_2)
FNF:3
FNH:3
FNDA:2,(anonymous_0)
FNDA:3,(anonymous_1)
FNDA:2,(anonymous_2)
DA:6,1
DA:7,2
DA:8,2
DA:9,2
DA:10,1
DA:13,1
DA:14,1
DA:15,1
DA:16,1
DA:18,1
DA:20,1
DA:21,0
DA:24,1
DA:25,0
DA:29,1
DA:37,1
DA:38,1
DA:45,1
DA:55,1
DA:60,1
DA:61,1
DA:62,1
DA:65,1
DA:67,0
DA:68,0
DA:72,1
DA:73,3
DA:74,3
DA:75,3
DA:76,1
DA:79,2
DA:80,2
DA:81,2
DA:84,2
DA:91,2
DA:92,1
DA:96,1
DA:98,1
DA:100,0
DA:101,0
DA:105,1
DA:106,2
DA:107,2
DA:110,2
DA:111,2
DA:112,1
DA:116,1
DA:118,1
DA:120,0
DA:121,0
LF:50
LH:42
BRDA:9,0,0,1
BRDA:9,0,1,1
BRDA:20,1,0,0
BRDA:20,1,1,1
BRDA:20,2,0,1
BRDA:20,2,1,1
BRDA:24,3,0,0
BRDA:24,3,1,1
BRDA:37,4,0,1
BRDA:37,4,1,0
BRDA:48,5,0,1
BRDA:48,5,1,0
BRDA:49,6,0,0
BRDA:49,6,1,1
BRDA:50,7,0,0
BRDA:50,7,1,1
BRDA:61,8,0,1
BRDA:61,8,1,0
BRDA:75,9,0,1
BRDA:75,9,1,2
BRDA:91,10,0,1
BRDA:91,10,1,1
BRDA:111,11,0,1
BRDA:111,11,1,1
BRF:24
BRH:17
end_of_record
TN:
SF:models/conversation.js
FNF:0
FNH:0
DA:3,1
DA:25,1
DA:27,1
LF:3
LH:3
BRF:0
BRH:0
end_of_record
TN:
SF:models/message.js
FNF:0
FNH:0
DA:3,1
DA:36,1
LF:2
LH:2
BRF:0
BRH:0
end_of_record
TN:
SF:socket/socket.js
FN:15,(anonymous_0)
FN:21,(anonymous_1)
FN:29,(anonymous_2)
FNF:3
FNH:0
FNDA:0,(anonymous_0)
FNDA:0,(anonymous_1)
FNDA:0,(anonymous_2)
DA:5,1
DA:6,1
DA:8,1
DA:15,1
DA:16,0
DA:19,1
DA:21,1
DA:22,0
DA:24,0
DA:25,0
DA:27,0
DA:29,0
DA:30,0
DA:31,0
DA:32,0
LF:15
LH:6
BRDA:25,0,0,0
BRDA:25,0,1,0
BRF:2
BRH:0
end_of_record
