TN:
SF:controllers/messages.controller.js
FN:8,(anonymous_0)
FN:84,(anonymous_1)
FN:118,(anonymous_2)
FNF:3
FNH:3
FNDA:2,(anonymous_0)
FNDA:3,(anonymous_1)
FNDA:2,(anonymous_2)
DA:8,1
DA:9,2
DA:10,2
DA:11,2
DA:12,1
DA:15,1
DA:16,1
DA:17,1
DA:18,1
DA:19,1
DA:22,1
DA:23,0
DA:26,1
DA:27,0
DA:31,1
DA:32,0
DA:36,1
DA:37,0
DA:38,0
DA:39,0
DA:44,1
DA:51,1
DA:52,1
DA:59,1
DA:68,1
DA:72,1
DA:73,1
DA:74,1
DA:77,1
DA:79,0
DA:80,0
DA:84,1
DA:85,3
DA:86,3
DA:87,3
DA:88,1
DA:91,2
DA:92,2
DA:93,2
DA:95,2
DA:96,0
DA:99,2
DA:106,2
DA:107,1
DA:110,1
DA:111,1
DA:113,0
DA:114,0
DA:118,1
DA:119,2
DA:120,2
DA:122,2
DA:123,0
DA:126,2
DA:127,2
DA:128,1
DA:131,1
DA:133,1
DA:135,0
DA:136,0
LF:60
LH:46
BRDA:11,0,0,1
BRDA:11,0,1,1
BRDA:22,1,0,0
BRDA:22,1,1,1
BRDA:22,2,0,1
BRDA:22,2,1,1
BRDA:26,3,0,0
BRDA:26,3,1,1
BRDA:31,4,0,0
BRDA:31,4,1,1
BRDA:31,5,0,1
BRDA:31,5,1,1
BRDA:36,6,0,0
BRDA:36,6,1,1
BRDA:38,7,0,0
BRDA:38,7,1,0
BRDA:51,8,0,1
BRDA:51,8,1,0
BRDA:63,9,0,0
BRDA:63,9,1,1
BRDA:64,10,0,0
BRDA:64,10,1,1
BRDA:73,11,0,1
BRDA:73,11,1,0
BRDA:87,12,0,1
BRDA:87,12,1,2
BRDA:95,13,0,0
BRDA:95,13,1,2
BRDA:95,14,0,2
BRDA:95,14,1,2
BRDA:106,15,0,1
BRDA:106,15,1,1
BRDA:122,16,0,0
BRDA:122,16,1,2
BRDA:127,17,0,1
BRDA:127,17,1,1
BRF:36
BRH:24
end_of_record
TN:
SF:models/conversation.js
FNF:0
FNH:0
DA:3,1
DA:25,1
DA:27,1
LF:3
LH:3
BRF:0
BRH:0
end_of_record
TN:
SF:models/message.js
FNF:0
FNH:0
DA:3,1
DA:36,1
LF:2
LH:2
BRF:0
BRH:0
end_of_record
TN:
SF:socket/socket.js
FN:15,(anonymous_0)
FN:21,(anonymous_1)
FN:29,(anonymous_2)
FNF:3
FNH:0
FNDA:0,(anonymous_0)
FNDA:0,(anonymous_1)
FNDA:0,(anonymous_2)
DA:5,1
DA:6,1
DA:8,1
DA:15,1
DA:16,0
DA:19,1
DA:21,1
DA:22,0
DA:24,0
DA:25,0
DA:27,0
DA:29,0
DA:30,0
DA:31,0
DA:32,0
LF:15
LH:6
BRDA:25,0,0,0
BRDA:25,0,1,0
BRF:2
BRH:0
end_of_record
